e:\james\work\program\dedisoftware_branch\dlg_sh79f1621f_jam_100\release\dlg_sh79f1621f_jam_100.pch
e:\james\work\program\dedisoftware_branch\dlg_sh79f1621f_jam_100\release\vc120.pdb
e:\james\work\program\dedisoftware_branch\dlg_sh79f1621f_jam_100\release\stdafx.obj
e:\james\work\program\dedisoftware_branch\dlg_sh79f1621f_jam_100\release\dlg_sh79f1621f_jam_100.obj
e:\james\work\program\dedisoftware_branch\dlg_sh79f1621f_jam_100\release\dlgsh79f1621f.obj
e:\james\work\program\dedisoftware_branch\dlg_sh79f1621f_jam_100\release\dllmain.obj
e:\james\work\program\dedisoftware_branch\release\server\icsupport\binary\dlg_sh79f1621f_jam_100.lib
e:\james\work\program\dedisoftware_branch\release\server\icsupport\binary\dlg_sh79f1621f_jam_100.exp
e:\james\work\program\dedisoftware_branch\release\server\icsupport\binary\dlg_sh79f1621f_jam_100.dll
e:\james\work\program\dedisoftware_branch\release\server\icsupport\binary\dlg_sh79f1621f_jam_100.pdb
e:\james\work\program\dedisoftware_branch\dlg_sh79f1621f_jam_100\release\dlg_sh79f1621f_jam_100.res
e:\james\work\program\dedisoftware_branch\dlg_sh79f1621f_jam_100\release\dlg_sh79.de8640cf.tlog\cl.command.1.tlog
e:\james\work\program\dedisoftware_branch\dlg_sh79f1621f_jam_100\release\dlg_sh79.de8640cf.tlog\cl.read.1.tlog
e:\james\work\program\dedisoftware_branch\dlg_sh79f1621f_jam_100\release\dlg_sh79.de8640cf.tlog\cl.write.1.tlog
e:\james\work\program\dedisoftware_branch\dlg_sh79f1621f_jam_100\release\dlg_sh79.de8640cf.tlog\dlg_sh79f1621f_jam_100.write.1u.tlog
e:\james\work\program\dedisoftware_branch\dlg_sh79f1621f_jam_100\release\dlg_sh79.de8640cf.tlog\link.command.1.tlog
e:\james\work\program\dedisoftware_branch\dlg_sh79f1621f_jam_100\release\dlg_sh79.de8640cf.tlog\link.read.1.tlog
e:\james\work\program\dedisoftware_branch\dlg_sh79f1621f_jam_100\release\dlg_sh79.de8640cf.tlog\link.write.1.tlog
e:\james\work\program\dedisoftware_branch\dlg_sh79f1621f_jam_100\release\dlg_sh79.de8640cf.tlog\rc.command.1.tlog
e:\james\work\program\dedisoftware_branch\dlg_sh79f1621f_jam_100\release\dlg_sh79.de8640cf.tlog\rc.read.1.tlog
e:\james\work\program\dedisoftware_branch\dlg_sh79f1621f_jam_100\release\dlg_sh79.de8640cf.tlog\rc.write.1.tlog
